Analysis & Synthesis report for ProyectoI
Mon Mar 16 13:02:57 2026
Quartus II 64-Bit Version 13.1.0 Build 162 10/23/2013 SJ Web Edition


---------------------
; Table of Contents ;
---------------------
  1. Legal Notice
  2. Analysis & Synthesis Summary
  3. Analysis & Synthesis Settings
  4. Parallel Compilation
  5. Analysis & Synthesis Source Files Read
  6. Analysis & Synthesis Resource Usage Summary
  7. Analysis & Synthesis Resource Utilization by Entity
  8. General Register Statistics
  9. Multiplexer Restructuring Statistics (Restructuring Performed)
 10. Parameter Settings for Inferred Entity Instance: lpm_divide:Div0
 11. Parameter Settings for Inferred Entity Instance: lpm_divide:Mod0
 12. Elapsed Time Per Partition
 13. Analysis & Synthesis Messages



----------------
; Legal Notice ;
----------------
Copyright (C) 1991-2013 Altera Corporation
Your use of Altera Corporation's design tools, logic functions 
and other software and tools, and its AMPP partner logic 
functions, and any output files from any of the foregoing 
(including device programming or simulation files), and any 
associated documentation or information are expressly subject 
to the terms and conditions of the Altera Program License 
Subscription Agreement, Altera MegaCore Function License 
Agreement, or other applicable license agreement, including, 
without limitation, that your use is for the sole purpose of 
programming logic devices manufactured by Altera and sold by 
Altera or its authorized distributors.  Please refer to the 
applicable agreement for further details.



+---------------------------------------------------------------------------------+
; Analysis & Synthesis Summary                                                    ;
+------------------------------------+--------------------------------------------+
; Analysis & Synthesis Status        ; Successful - Mon Mar 16 13:02:57 2026      ;
; Quartus II 64-Bit Version          ; 13.1.0 Build 162 10/23/2013 SJ Web Edition ;
; Revision Name                      ; ProyectoI                                  ;
; Top-level Entity Name              ; bin_to_sseg_two_inputs                     ;
; Family                             ; Cyclone III                                ;
; Total logic elements               ; 198                                        ;
;     Total combinational functions  ; 198                                        ;
;     Dedicated logic registers      ; 0                                          ;
; Total registers                    ; 0                                          ;
; Total pins                         ; 42                                         ;
; Total virtual pins                 ; 0                                          ;
; Total memory bits                  ; 0                                          ;
; Embedded Multiplier 9-bit elements ; 0                                          ;
; Total PLLs                         ; 0                                          ;
+------------------------------------+--------------------------------------------+


+--------------------------------------------------------------------------------------------------------------------------+
; Analysis & Synthesis Settings                                                                                            ;
+----------------------------------------------------------------------------+------------------------+--------------------+
; Option                                                                     ; Setting                ; Default Value      ;
+----------------------------------------------------------------------------+------------------------+--------------------+
; Device                                                                     ; EP3C16F484C6           ;                    ;
; Top-level entity name                                                      ; bin_to_sseg_two_inputs ; ProyectoI          ;
; Family name                                                                ; Cyclone III            ; Cyclone IV GX      ;
; Use smart compilation                                                      ; Off                    ; Off                ;
; Enable parallel Assembler and TimeQuest Timing Analyzer during compilation ; On                     ; On                 ;
; Enable compact report table                                                ; Off                    ; Off                ;
; Restructure Multiplexers                                                   ; Auto                   ; Auto               ;
; Create Debugging Nodes for IP Cores                                        ; Off                    ; Off                ;
; Preserve fewer node names                                                  ; On                     ; On                 ;
; Disable OpenCore Plus hardware evaluation                                  ; Off                    ; Off                ;
; Verilog Version                                                            ; Verilog_2001           ; Verilog_2001       ;
; VHDL Version                                                               ; VHDL_1993              ; VHDL_1993          ;
; State Machine Processing                                                   ; Auto                   ; Auto               ;
; Safe State Machine                                                         ; Off                    ; Off                ;
; Extract Verilog State Machines                                             ; On                     ; On                 ;
; Extract VHDL State Machines                                                ; On                     ; On                 ;
; Ignore Verilog initial constructs                                          ; Off                    ; Off                ;
; Iteration limit for constant Verilog loops                                 ; 5000                   ; 5000               ;
; Iteration limit for non-constant Verilog loops                             ; 250                    ; 250                ;
; Add Pass-Through Logic to Inferred RAMs                                    ; On                     ; On                 ;
; Infer RAMs from Raw Logic                                                  ; On                     ; On                 ;
; Parallel Synthesis                                                         ; On                     ; On                 ;
; DSP Block Balancing                                                        ; Auto                   ; Auto               ;
; NOT Gate Push-Back                                                         ; On                     ; On                 ;
; Power-Up Don't Care                                                        ; On                     ; On                 ;
; Remove Redundant Logic Cells                                               ; Off                    ; Off                ;
; Remove Duplicate Registers                                                 ; On                     ; On                 ;
; Ignore CARRY Buffers                                                       ; Off                    ; Off                ;
; Ignore CASCADE Buffers                                                     ; Off                    ; Off                ;
; Ignore GLOBAL Buffers                                                      ; Off                    ; Off                ;
; Ignore ROW GLOBAL Buffers                                                  ; Off                    ; Off                ;
; Ignore LCELL Buffers                                                       ; Off                    ; Off                ;
; Ignore SOFT Buffers                                                        ; On                     ; On                 ;
; Limit AHDL Integers to 32 Bits                                             ; Off                    ; Off                ;
; Optimization Technique                                                     ; Balanced               ; Balanced           ;
; Carry Chain Length                                                         ; 70                     ; 70                 ;
; Auto Carry Chains                                                          ; On                     ; On                 ;
; Auto Open-Drain Pins                                                       ; On                     ; On                 ;
; Perform WYSIWYG Primitive Resynthesis                                      ; Off                    ; Off                ;
; Auto ROM Replacement                                                       ; On                     ; On                 ;
; Auto RAM Replacement                                                       ; On                     ; On                 ;
; Auto DSP Block Replacement                                                 ; On                     ; On                 ;
; Auto Shift Register Replacement                                            ; Auto                   ; Auto               ;
; Allow Shift Register Merging across Hierarchies                            ; Auto                   ; Auto               ;
; Auto Clock Enable Replacement                                              ; On                     ; On                 ;
; Strict RAM Replacement                                                     ; Off                    ; Off                ;
; Allow Synchronous Control Signals                                          ; On                     ; On                 ;
; Force Use of Synchronous Clear Signals                                     ; Off                    ; Off                ;
; Auto RAM Block Balancing                                                   ; On                     ; On                 ;
; Auto RAM to Logic Cell Conversion                                          ; Off                    ; Off                ;
; Auto Resource Sharing                                                      ; Off                    ; Off                ;
; Allow Any RAM Size For Recognition                                         ; Off                    ; Off                ;
; Allow Any ROM Size For Recognition                                         ; Off                    ; Off                ;
; Allow Any Shift Register Size For Recognition                              ; Off                    ; Off                ;
; Use LogicLock Constraints during Resource Balancing                        ; On                     ; On                 ;
; Ignore translate_off and synthesis_off directives                          ; Off                    ; Off                ;
; Timing-Driven Synthesis                                                    ; On                     ; On                 ;
; Report Parameter Settings                                                  ; On                     ; On                 ;
; Report Source Assignments                                                  ; On                     ; On                 ;
; Report Connectivity Checks                                                 ; On                     ; On                 ;
; Ignore Maximum Fan-Out Assignments                                         ; Off                    ; Off                ;
; Synchronization Register Chain Length                                      ; 2                      ; 2                  ;
; PowerPlay Power Optimization                                               ; Normal compilation     ; Normal compilation ;
; HDL message level                                                          ; Level2                 ; Level2             ;
; Suppress Register Optimization Related Messages                            ; Off                    ; Off                ;
; Number of Removed Registers Reported in Synthesis Report                   ; 5000                   ; 5000               ;
; Number of Swept Nodes Reported in Synthesis Report                         ; 5000                   ; 5000               ;
; Number of Inverted Registers Reported in Synthesis Report                  ; 100                    ; 100                ;
; Clock MUX Protection                                                       ; On                     ; On                 ;
; Auto Gated Clock Conversion                                                ; Off                    ; Off                ;
; Block Design Naming                                                        ; Auto                   ; Auto               ;
; SDC constraint protection                                                  ; Off                    ; Off                ;
; Synthesis Effort                                                           ; Auto                   ; Auto               ;
; Shift Register Replacement - Allow Asynchronous Clear Signal               ; On                     ; On                 ;
; Pre-Mapping Resynthesis Optimization                                       ; Off                    ; Off                ;
; Analysis & Synthesis Message Level                                         ; Medium                 ; Medium             ;
; Disable Register Merging Across Hierarchies                                ; Auto                   ; Auto               ;
; Resource Aware Inference For Block RAM                                     ; On                     ; On                 ;
; Synthesis Seed                                                             ; 1                      ; 1                  ;
+----------------------------------------------------------------------------+------------------------+--------------------+


+------------------------------------------+
; Parallel Compilation                     ;
+----------------------------+-------------+
; Processors                 ; Number      ;
+----------------------------+-------------+
; Number detected on machine ; 4           ;
; Maximum allowed            ; 2           ;
;                            ;             ;
; Average used               ; 1.00        ;
; Maximum used               ; 1           ;
;                            ;             ;
; Usage by Processor         ; % Time Used ;
;     Processor 1            ; 100.0%      ;
;     Processors 2-4         ;   0.0%      ;
+----------------------------+-------------+


+------------------------------------------------------------------------------------------------------------------------------------------------------------------------------------------------------+
; Analysis & Synthesis Source Files Read                                                                                                                                                               ;
+----------------------------------+-----------------+------------------------------+--------------------------------------------------------------------------------------------------------+---------+
; File Name with User-Entered Path ; Used in Netlist ; File Type                    ; File Name with Absolute Path                                                                           ; Library ;
+----------------------------------+-----------------+------------------------------+--------------------------------------------------------------------------------------------------------+---------+
; bin_to_sseg_two_inputs.vhd       ; yes             ; User VHDL File               ; C:/Users/juans/Desktop/Digitales/Entregables Proyecto/Proyecto 1/Proyecto 1/bin_to_sseg_two_inputs.vhd ;         ;
; ALU.vhd                          ; yes             ; User VHDL File               ; C:/Users/juans/Desktop/Digitales/Entregables Proyecto/Proyecto 1/Proyecto 1/ALU.vhd                    ;         ;
; sumador.vhd                      ; yes             ; User VHDL File               ; C:/Users/juans/Desktop/Digitales/Entregables Proyecto/Proyecto 1/Proyecto 1/sumador.vhd                ;         ;
; restador.vhd                     ; yes             ; User VHDL File               ; C:/Users/juans/Desktop/Digitales/Entregables Proyecto/Proyecto 1/Proyecto 1/restador.vhd               ;         ;
; bloquemultiply.vhd               ; yes             ; User VHDL File               ; C:/Users/juans/Desktop/Digitales/Entregables Proyecto/Proyecto 1/Proyecto 1/bloquemultiply.vhd         ;         ;
; lpm_divide.tdf                   ; yes             ; Megafunction                 ; c:/altera/13.1/quartus/libraries/megafunctions/lpm_divide.tdf                                          ;         ;
; abs_divider.inc                  ; yes             ; Megafunction                 ; c:/altera/13.1/quartus/libraries/megafunctions/abs_divider.inc                                         ;         ;
; sign_div_unsign.inc              ; yes             ; Megafunction                 ; c:/altera/13.1/quartus/libraries/megafunctions/sign_div_unsign.inc                                     ;         ;
; aglobal131.inc                   ; yes             ; Megafunction                 ; c:/altera/13.1/quartus/libraries/megafunctions/aglobal131.inc                                          ;         ;
; db/lpm_divide_9gm.tdf            ; yes             ; Auto-Generated Megafunction  ; C:/Users/juans/Desktop/Digitales/Entregables Proyecto/Proyecto 1/Proyecto 1/db/lpm_divide_9gm.tdf      ;         ;
; db/sign_div_unsign_akh.tdf       ; yes             ; Auto-Generated Megafunction  ; C:/Users/juans/Desktop/Digitales/Entregables Proyecto/Proyecto 1/Proyecto 1/db/sign_div_unsign_akh.tdf ;         ;
; db/alt_u_div_v2f.tdf             ; yes             ; Auto-Generated Megafunction  ; C:/Users/juans/Desktop/Digitales/Entregables Proyecto/Proyecto 1/Proyecto 1/db/alt_u_div_v2f.tdf       ;         ;
; db/add_sub_unc.tdf               ; yes             ; Auto-Generated Megafunction  ; C:/Users/juans/Desktop/Digitales/Entregables Proyecto/Proyecto 1/Proyecto 1/db/add_sub_unc.tdf         ;         ;
; db/add_sub_vnc.tdf               ; yes             ; Auto-Generated Megafunction  ; C:/Users/juans/Desktop/Digitales/Entregables Proyecto/Proyecto 1/Proyecto 1/db/add_sub_vnc.tdf         ;         ;
; db/lpm_divide_f8m.tdf            ; yes             ; Auto-Generated Megafunction  ; C:/Users/juans/Desktop/Digitales/Entregables Proyecto/Proyecto 1/Proyecto 1/db/lpm_divide_f8m.tdf      ;         ;
; db/sign_div_unsign_dkh.tdf       ; yes             ; Auto-Generated Megafunction  ; C:/Users/juans/Desktop/Digitales/Entregables Proyecto/Proyecto 1/Proyecto 1/db/sign_div_unsign_dkh.tdf ;         ;
; db/alt_u_div_53f.tdf             ; yes             ; Auto-Generated Megafunction  ; C:/Users/juans/Desktop/Digitales/Entregables Proyecto/Proyecto 1/Proyecto 1/db/alt_u_div_53f.tdf       ;         ;
+----------------------------------+-----------------+------------------------------+--------------------------------------------------------------------------------------------------------+---------+


+-------------------------------------------------------------------------------------------------------------------------------------------------------------------------+
; Analysis & Synthesis Resource Usage Summary                                                                                                                             ;
+---------------------------------------------+---------------------------------------------------------------------------------------------------------------------------+
; Resource                                    ; Usage                                                                                                                     ;
+---------------------------------------------+---------------------------------------------------------------------------------------------------------------------------+
; Estimated Total logic elements              ; 198                                                                                                                       ;
;                                             ;                                                                                                                           ;
; Total combinational functions               ; 198                                                                                                                       ;
; Logic element usage by number of LUT inputs ;                                                                                                                           ;
;     -- 4 input functions                    ; 54                                                                                                                        ;
;     -- 3 input functions                    ; 70                                                                                                                        ;
;     -- <=2 input functions                  ; 74                                                                                                                        ;
;                                             ;                                                                                                                           ;
; Logic elements by mode                      ;                                                                                                                           ;
;     -- normal mode                          ; 144                                                                                                                       ;
;     -- arithmetic mode                      ; 54                                                                                                                        ;
;                                             ;                                                                                                                           ;
; Total registers                             ; 0                                                                                                                         ;
;     -- Dedicated logic registers            ; 0                                                                                                                         ;
;     -- I/O registers                        ; 0                                                                                                                         ;
;                                             ;                                                                                                                           ;
; I/O pins                                    ; 42                                                                                                                        ;
; Embedded Multiplier 9-bit elements          ; 0                                                                                                                         ;
; Maximum fan-out node                        ; lpm_divide:Div0|lpm_divide_9gm:auto_generated|sign_div_unsign_akh:divider|alt_u_div_v2f:divider|add_sub_3_result_int[4]~6 ;
; Maximum fan-out                             ; 17                                                                                                                        ;
; Total fan-out                               ; 622                                                                                                                       ;
; Average fan-out                             ; 2.21                                                                                                                      ;
+---------------------------------------------+---------------------------------------------------------------------------------------------------------------------------+


+---------------------------------------------------------------------------------------------------------------------------------------------------------------------------------------------------------------------------------------------------------------------------------------------+
; Analysis & Synthesis Resource Utilization by Entity                                                                                                                                                                                                                                         ;
+----------------------------------------+-------------------+--------------+-------------+--------------+---------+-----------+------+--------------+-------------------------------------------------------------------------------------------------------------------------+--------------+
; Compilation Hierarchy Node             ; LC Combinationals ; LC Registers ; Memory Bits ; DSP Elements ; DSP 9x9 ; DSP 18x18 ; Pins ; Virtual Pins ; Full Hierarchy Name                                                                                                     ; Library Name ;
+----------------------------------------+-------------------+--------------+-------------+--------------+---------+-----------+------+--------------+-------------------------------------------------------------------------------------------------------------------------+--------------+
; |bin_to_sseg_two_inputs                ; 198 (44)          ; 0 (0)        ; 0           ; 0            ; 0       ; 0         ; 42   ; 0            ; |bin_to_sseg_two_inputs                                                                                                 ; work         ;
;    |ALU:ALU1|                          ; 56 (13)           ; 0 (0)        ; 0           ; 0            ; 0       ; 0         ; 0    ; 0            ; |bin_to_sseg_two_inputs|ALU:ALU1                                                                                        ; work         ;
;       |bloquemultiply:MULT|            ; 29 (29)           ; 0 (0)        ; 0           ; 0            ; 0       ; 0         ; 0    ; 0            ; |bin_to_sseg_two_inputs|ALU:ALU1|bloquemultiply:MULT                                                                    ; work         ;
;       |restador:RESTA|                 ; 9 (9)             ; 0 (0)        ; 0           ; 0            ; 0       ; 0         ; 0    ; 0            ; |bin_to_sseg_two_inputs|ALU:ALU1|restador:RESTA                                                                         ; work         ;
;       |sumador:SUMA|                   ; 5 (5)             ; 0 (0)        ; 0           ; 0            ; 0       ; 0         ; 0    ; 0            ; |bin_to_sseg_two_inputs|ALU:ALU1|sumador:SUMA                                                                           ; work         ;
;    |lpm_divide:Div0|                   ; 43 (0)            ; 0 (0)        ; 0           ; 0            ; 0       ; 0         ; 0    ; 0            ; |bin_to_sseg_two_inputs|lpm_divide:Div0                                                                                 ; work         ;
;       |lpm_divide_9gm:auto_generated|  ; 43 (0)            ; 0 (0)        ; 0           ; 0            ; 0       ; 0         ; 0    ; 0            ; |bin_to_sseg_two_inputs|lpm_divide:Div0|lpm_divide_9gm:auto_generated                                                   ; work         ;
;          |sign_div_unsign_akh:divider| ; 43 (0)            ; 0 (0)        ; 0           ; 0            ; 0       ; 0         ; 0    ; 0            ; |bin_to_sseg_two_inputs|lpm_divide:Div0|lpm_divide_9gm:auto_generated|sign_div_unsign_akh:divider                       ; work         ;
;             |alt_u_div_v2f:divider|    ; 43 (43)           ; 0 (0)        ; 0           ; 0            ; 0       ; 0         ; 0    ; 0            ; |bin_to_sseg_two_inputs|lpm_divide:Div0|lpm_divide_9gm:auto_generated|sign_div_unsign_akh:divider|alt_u_div_v2f:divider ; work         ;
;    |lpm_divide:Mod0|                   ; 55 (0)            ; 0 (0)        ; 0           ; 0            ; 0       ; 0         ; 0    ; 0            ; |bin_to_sseg_two_inputs|lpm_divide:Mod0                                                                                 ; work         ;
;       |lpm_divide_f8m:auto_generated|  ; 55 (0)            ; 0 (0)        ; 0           ; 0            ; 0       ; 0         ; 0    ; 0            ; |bin_to_sseg_two_inputs|lpm_divide:Mod0|lpm_divide_f8m:auto_generated                                                   ; work         ;
;          |sign_div_unsign_dkh:divider| ; 55 (0)            ; 0 (0)        ; 0           ; 0            ; 0       ; 0         ; 0    ; 0            ; |bin_to_sseg_two_inputs|lpm_divide:Mod0|lpm_divide_f8m:auto_generated|sign_div_unsign_dkh:divider                       ; work         ;
;             |alt_u_div_53f:divider|    ; 55 (55)           ; 0 (0)        ; 0           ; 0            ; 0       ; 0         ; 0    ; 0            ; |bin_to_sseg_two_inputs|lpm_divide:Mod0|lpm_divide_f8m:auto_generated|sign_div_unsign_dkh:divider|alt_u_div_53f:divider ; work         ;
+----------------------------------------+-------------------+--------------+-------------+--------------+---------+-----------+------+--------------+-------------------------------------------------------------------------------------------------------------------------+--------------+
Note: For table entries with two numbers listed, the numbers in parentheses indicate the number of resources of the given type used by the specific entity alone. The numbers listed outside of parentheses indicate the total resources of the given type used by the specific entity and all of its sub-entities in the hierarchy.


+------------------------------------------------------+
; General Register Statistics                          ;
+----------------------------------------------+-------+
; Statistic                                    ; Value ;
+----------------------------------------------+-------+
; Total registers                              ; 0     ;
; Number of registers using Synchronous Clear  ; 0     ;
; Number of registers using Synchronous Load   ; 0     ;
; Number of registers using Asynchronous Clear ; 0     ;
; Number of registers using Asynchronous Load  ; 0     ;
; Number of registers using Clock Enable       ; 0     ;
; Number of registers using Preset             ; 0     ;
+----------------------------------------------+-------+


+-----------------------------------------------------------------------------------------------------------------------------------------------------+
; Multiplexer Restructuring Statistics (Restructuring Performed)                                                                                      ;
+--------------------+-----------+---------------+----------------------+------------------------+------------+---------------------------------------+
; Multiplexer Inputs ; Bus Width ; Baseline Area ; Area if Restructured ; Saving if Restructured ; Registered ; Example Multiplexer Output            ;
+--------------------+-----------+---------------+----------------------+------------------------+------------+---------------------------------------+
; 3:1                ; 7 bits    ; 14 LEs        ; 14 LEs               ; 0 LEs                  ; No         ; |bin_to_sseg_two_inputs|sseg3         ;
; 5:1                ; 4 bits    ; 12 LEs        ; 8 LEs                ; 4 LEs                  ; No         ; |bin_to_sseg_two_inputs|ALU:ALU1|Mux3 ;
+--------------------+-----------+---------------+----------------------+------------------------+------------+---------------------------------------+


+------------------------------------------------------------------+
; Parameter Settings for Inferred Entity Instance: lpm_divide:Div0 ;
+------------------------+----------------+------------------------+
; Parameter Name         ; Value          ; Type                   ;
+------------------------+----------------+------------------------+
; LPM_WIDTHN             ; 7              ; Untyped                ;
; LPM_WIDTHD             ; 4              ; Untyped                ;
; LPM_NREPRESENTATION    ; UNSIGNED       ; Untyped                ;
; LPM_DREPRESENTATION    ; UNSIGNED       ; Untyped                ;
; LPM_PIPELINE           ; 0              ; Untyped                ;
; LPM_REMAINDERPOSITIVE  ; TRUE           ; Untyped                ;
; MAXIMIZE_SPEED         ; 5              ; Untyped                ;
; CBXI_PARAMETER         ; lpm_divide_9gm ; Untyped                ;
; CARRY_CHAIN            ; MANUAL         ; Untyped                ;
; OPTIMIZE_FOR_SPEED     ; 5              ; Untyped                ;
; AUTO_CARRY_CHAINS      ; ON             ; AUTO_CARRY             ;
; IGNORE_CARRY_BUFFERS   ; OFF            ; IGNORE_CARRY           ;
; AUTO_CASCADE_CHAINS    ; ON             ; AUTO_CASCADE           ;
; IGNORE_CASCADE_BUFFERS ; OFF            ; IGNORE_CASCADE         ;
+------------------------+----------------+------------------------+
Note: In order to hide this table in the UI and the text report file, please set the "Show Parameter Settings in Synthesis Report" option in "Analysis and Synthesis Settings -> More Settings" to "Off".


+------------------------------------------------------------------+
; Parameter Settings for Inferred Entity Instance: lpm_divide:Mod0 ;
+------------------------+----------------+------------------------+
; Parameter Name         ; Value          ; Type                   ;
+------------------------+----------------+------------------------+
; LPM_WIDTHN             ; 7              ; Untyped                ;
; LPM_WIDTHD             ; 7              ; Untyped                ;
; LPM_NREPRESENTATION    ; UNSIGNED       ; Untyped                ;
; LPM_DREPRESENTATION    ; UNSIGNED       ; Untyped                ;
; LPM_PIPELINE           ; 0              ; Untyped                ;
; LPM_REMAINDERPOSITIVE  ; TRUE           ; Untyped                ;
; MAXIMIZE_SPEED         ; 5              ; Untyped                ;
; CBXI_PARAMETER         ; lpm_divide_f8m ; Untyped                ;
; CARRY_CHAIN            ; MANUAL         ; Untyped                ;
; OPTIMIZE_FOR_SPEED     ; 5              ; Untyped                ;
; AUTO_CARRY_CHAINS      ; ON             ; AUTO_CARRY             ;
; IGNORE_CARRY_BUFFERS   ; OFF            ; IGNORE_CARRY           ;
; AUTO_CASCADE_CHAINS    ; ON             ; AUTO_CASCADE           ;
; IGNORE_CASCADE_BUFFERS ; OFF            ; IGNORE_CASCADE         ;
+------------------------+----------------+------------------------+
Note: In order to hide this table in the UI and the text report file, please set the "Show Parameter Settings in Synthesis Report" option in "Analysis and Synthesis Settings -> More Settings" to "Off".


+-------------------------------+
; Elapsed Time Per Partition    ;
+----------------+--------------+
; Partition Name ; Elapsed Time ;
+----------------+--------------+
; Top            ; 00:00:02     ;
+----------------+--------------+


+-------------------------------+
; Analysis & Synthesis Messages ;
+-------------------------------+
Info: *******************************************************************
Info: Running Quartus II 64-Bit Analysis & Synthesis
    Info: Version 13.1.0 Build 162 10/23/2013 SJ Web Edition
    Info: Processing started: Mon Mar 16 13:02:52 2026
Info: Command: quartus_map --read_settings_files=on --write_settings_files=off ProyectoI -c ProyectoI
Info (11104): Parallel Compilation has detected 4 hyper-threaded processors. However, the extra hyper-threaded processors will not be used by default. Parallel Compilation will use 2 of the 2 physical processors detected instead.
Info (12021): Found 2 design units, including 1 entities, in source file bin_to_sseg_two_inputs.vhd
    Info (12022): Found design unit 1: bin_to_sseg_two_inputs-behaviour
    Info (12023): Found entity 1: bin_to_sseg_two_inputs
Info (12021): Found 2 design units, including 1 entities, in source file alu.vhd
    Info (12022): Found design unit 1: ALU-structural
    Info (12023): Found entity 1: ALU
Info (12021): Found 2 design units, including 1 entities, in source file sumador.vhd
    Info (12022): Found design unit 1: sumador-rtl
    Info (12023): Found entity 1: sumador
Info (12021): Found 2 design units, including 1 entities, in source file restador.vhd
    Info (12022): Found design unit 1: restador-rtl
    Info (12023): Found entity 1: restador
Info (12021): Found 2 design units, including 1 entities, in source file bloquemultiply.vhd
    Info (12022): Found design unit 1: bloquemultiply-functional
    Info (12023): Found entity 1: bloquemultiply
Info (12127): Elaborating entity "bin_to_sseg_two_inputs" for the top level hierarchy
Info (12128): Elaborating entity "ALU" for hierarchy "ALU:ALU1"
Info (12128): Elaborating entity "sumador" for hierarchy "ALU:ALU1|sumador:SUMA"
Info (12128): Elaborating entity "restador" for hierarchy "ALU:ALU1|restador:RESTA"
Info (12128): Elaborating entity "bloquemultiply" for hierarchy "ALU:ALU1|bloquemultiply:MULT"
Info (278001): Inferred 2 megafunctions from design logic
    Info (278004): Inferred divider/modulo megafunction ("lpm_divide") from the following logic: "Div0"
    Info (278004): Inferred divider/modulo megafunction ("lpm_divide") from the following logic: "Mod0"
Info (12130): Elaborated megafunction instantiation "lpm_divide:Div0"
Info (12133): Instantiated megafunction "lpm_divide:Div0" with the following parameter:
    Info (12134): Parameter "LPM_WIDTHN" = "7"
    Info (12134): Parameter "LPM_WIDTHD" = "4"
    Info (12134): Parameter "LPM_NREPRESENTATION" = "UNSIGNED"
    Info (12134): Parameter "LPM_DREPRESENTATION" = "UNSIGNED"
Info (12021): Found 1 design units, including 1 entities, in source file db/lpm_divide_9gm.tdf
    Info (12023): Found entity 1: lpm_divide_9gm
Info (12021): Found 1 design units, including 1 entities, in source file db/sign_div_unsign_akh.tdf
    Info (12023): Found entity 1: sign_div_unsign_akh
Info (12021): Found 1 design units, including 1 entities, in source file db/alt_u_div_v2f.tdf
    Info (12023): Found entity 1: alt_u_div_v2f
Info (12021): Found 1 design units, including 1 entities, in source file db/add_sub_unc.tdf
    Info (12023): Found entity 1: add_sub_unc
Info (12021): Found 1 design units, including 1 entities, in source file db/add_sub_vnc.tdf
    Info (12023): Found entity 1: add_sub_vnc
Info (12130): Elaborated megafunction instantiation "lpm_divide:Mod0"
Info (12133): Instantiated megafunction "lpm_divide:Mod0" with the following parameter:
    Info (12134): Parameter "LPM_WIDTHN" = "7"
    Info (12134): Parameter "LPM_WIDTHD" = "7"
    Info (12134): Parameter "LPM_NREPRESENTATION" = "UNSIGNED"
    Info (12134): Parameter "LPM_DREPRESENTATION" = "UNSIGNED"
Info (12021): Found 1 design units, including 1 entities, in source file db/lpm_divide_f8m.tdf
    Info (12023): Found entity 1: lpm_divide_f8m
Info (12021): Found 1 design units, including 1 entities, in source file db/sign_div_unsign_dkh.tdf
    Info (12023): Found entity 1: sign_div_unsign_dkh
Info (12021): Found 1 design units, including 1 entities, in source file db/alt_u_div_53f.tdf
    Info (12023): Found entity 1: alt_u_div_53f
Warning (13024): Output pins are stuck at VCC or GND
    Warning (13410): Pin "dp" is stuck at VCC
    Warning (13410): Pin "dp2" is stuck at VCC
    Warning (13410): Pin "dp3" is stuck at VCC
    Warning (13410): Pin "dp0" is stuck at VCC
Info (286030): Timing-Driven Synthesis is running
Info (16010): Generating hard_block partition "hard_block:auto_generated_inst"
    Info (16011): Adding 0 node(s), including 0 DDIO, 0 PLL, 0 transceiver and 0 LCELL
Info (21057): Implemented 240 device resources after synthesis - the final resource count might be different
    Info (21058): Implemented 10 input pins
    Info (21059): Implemented 32 output pins
    Info (21061): Implemented 198 logic cells
Info: Quartus II 64-Bit Analysis & Synthesis was successful. 0 errors, 5 warnings
    Info: Peak virtual memory: 4682 megabytes
    Info: Processing ended: Mon Mar 16 13:02:57 2026
    Info: Elapsed time: 00:00:05
    Info: Total CPU time (on all processors): 00:00:05


